# JRE version: OpenJDK Runtime Environment Temurin-25.0.3+9 (25.0.3+9) (build 25.0.3+9-LTS)
# Java VM: OpenJDK 64-Bit Server VM Temurin-25.0.3+9 (25.0.3+9-LTS, mixed mode, sharing, tiered, compressed oops, compressed class ptrs, g1 gc, windows-amd64)
GC Precious Log:
 CardTable entry size: 512
 Card Set container configuration: InlinePtr #cards 5 size 8 Array Of Cards #cards 10 size 36 Howl #buckets 4 coarsen threshold 1843 Howl Bitmap #cards 512 size 80 coarsen threshold 460 Card regions per heap region 1 cards per card region 2048
 CPUs: 8 total, 8 available
 Memory: 7975M
 Large Page Support: Disabled
 NUMA Support: Disabled
 Compressed Oops: Enabled (32-bit)
 Heap Region Size: 1M
 Heap Min Capacity: 8M
 Heap Initial Capacity: 126M
 Heap Max Capacity: 1994M
 Pre-touch: Disabled
 Parallel Workers: 8
 Concurrent Workers: 2
 Concurrent Refinement Workers: 8
 Periodic GC: Disabled
Heap:
 garbage-first heap   total reserved 2041856K, committed 130048K, used 107592K [0x0000000083600000, 0x0000000100000000)
  region size 1024K, 32 young (32768K), 2 survivors (2048K)
GC Heap Usage History (20 events):
Event: 2.466 {heap Before GC invocations=2 (full 0):
 garbage-first heap   total reserved 2041856K, committed 131072K, used 75619K [0x0000000083600000, 0x0000000100000000)
  region size 1024K, 71 young (72704K), 8 survivors (8192K)
}
Event: 2.477 {heap After GC invocations=3 (full 0):
 garbage-first heap   total reserved 2041856K, committed 131072K, used 15506K [0x0000000083600000, 0x0000000100000000)
  region size 1024K, 4 young (4096K), 4 survivors (4096K)
}
Event: 3.626 {heap Before GC invocations=3 (full 0):
 garbage-first heap   total reserved 2041856K, committed 131072K, used 89234K [0x0000000083600000, 0x0000000100000000)
  region size 1024K, 75 young (76800K), 4 survivors (4096K)
}
Event: 3.634 {heap After GC invocations=4 (full 0):
 garbage-first heap   total reserved 2041856K, committed 131072K, used 18578K [0x0000000083600000, 0x0000000100000000)
  region size 1024K, 7 young (7168K), 7 survivors (7168K)
}
Event: 3.801 {heap Before GC invocations=4 (full 0):
 garbage-first heap   total reserved 2041856K, committed 131072K, used 32914K [0x0000000083600000, 0x0000000100000000)
  region size 1024K, 18 young (18432K), 7 survivors (7168K)
}
Event: 3.809 {heap After GC invocations=5 (full 0):
 garbage-first heap   total reserved 2041856K, committed 131072K, used 26665K [0x0000000083600000, 0x0000000100000000)
  region size 1024K, 8 young (8192K), 8 survivors (8192K)
}
Event: 4.305 {heap Before GC invocations=6 (full 0):
 garbage-first heap   total reserved 2041856K, committed 92160K, used 73769K [0x0000000083600000, 0x0000000100000000)
  region size 1024K, 54 young (55296K), 8 survivors (8192K)
}
Event: 4.324 {heap After GC invocations=7 (full 0):
 garbage-first heap   total reserved 2041856K, committed 98304K, used 39558K [0x0000000083600000, 0x0000000100000000)
  region size 1024K, 7 young (7168K), 7 survivors (7168K)
}
Event: 5.044 {heap Before GC invocations=7 (full 0):
 garbage-first heap   total reserved 2041856K, committed 98304K, used 73350K [0x0000000083600000, 0x0000000100000000)
  region size 1024K, 41 young (41984K), 7 survivors (7168K)
}
Event: 5.058 {heap After GC invocations=8 (full 0):
 garbage-first heap   total reserved 2041856K, committed 98304K, used 44438K [0x0000000083600000, 0x0000000100000000)
  region size 1024K, 4 young (4096K), 4 survivors (4096K)
}
Event: 5.857 {heap Before GC invocations=8 (full 0):
 garbage-first heap   total reserved 2041856K, committed 98304K, used 78230K [0x0000000083600000, 0x0000000100000000)
  region size 1024K, 37 young (37888K), 4 survivors (4096K)
}
Event: 5.866 {heap After GC invocations=9 (full 0):
 garbage-first heap   total reserved 2041856K, committed 118784K, used 46420K [0x0000000083600000, 0x0000000100000000)
  region size 1024K, 2 young (2048K), 2 survivors (2048K)
}
Event: 6.893 {heap Before GC invocations=9 (full 0):
 garbage-first heap   total reserved 2041856K, committed 118784K, used 95572K [0x0000000083600000, 0x0000000100000000)
  region size 1024K, 50 young (51200K), 2 survivors (2048K)
}
Event: 6.901 {heap After GC invocations=10 (full 0):
 garbage-first heap   total reserved 2041856K, committed 118784K, used 50070K [0x0000000083600000, 0x0000000100000000)
  region size 1024K, 5 young (5120K), 5 survivors (5120K)
}
Event: 7.376 {heap Before GC invocations=10 (full 0):
 garbage-first heap   total reserved 2041856K, committed 118784K, used 102294K [0x0000000083600000, 0x0000000100000000)
  region size 1024K, 53 young (54272K), 5 survivors (5120K)
}
Event: 7.396 {heap After GC invocations=11 (full 0):
 garbage-first heap   total reserved 2041856K, committed 125952K, used 71534K [0x0000000083600000, 0x0000000100000000)
  region size 1024K, 7 young (7168K), 7 survivors (7168K)
}
Event: 7.767 {heap Before GC invocations=11 (full 0):
 garbage-first heap   total reserved 2041856K, committed 125952K, used 104302K [0x0000000083600000, 0x0000000100000000)
  region size 1024K, 40 young (40960K), 7 survivors (7168K)
}
Event: 7.776 {heap After GC invocations=12 (full 0):
 garbage-first heap   total reserved 2041856K, committed 125952K, used 78230K [0x0000000083600000, 0x0000000100000000)
  region size 1024K, 5 young (5120K), 5 survivors (5120K)
}
Event: 8.194 {heap Before GC invocations=13 (full 0):
 garbage-first heap   total reserved 2041856K, committed 130048K, used 106902K [0x0000000083600000, 0x0000000100000000)
  region size 1024K, 34 young (34816K), 5 survivors (5120K)
}
Event: 8.197 {heap After GC invocations=14 (full 0):
 garbage-first heap   total reserved 2041856K, committed 130048K, used 77896K [0x0000000083600000, 0x0000000100000000)
  region size 1024K, 2 young (2048K), 2 survivors (2048K)
}

